<?xml version="1.0" encoding="UTF-8"?>
<!-- Generated by org.testng.reporters.JUnitReportReporter -->
<testsuite hostname="WELCOME-PC" failures="0" tests="1" name="testNG.SampleTestCase" time="0.163" errors="0" timestamp="2023-01-21T19:58:52 IST" skipped="0">
  <testcase classname="testNG.SampleTestCase" name="firsttestcase" time="0.163"/>
  <system-out/>
</testsuite> <!-- testNG.SampleTestCase -->
