<?xml version="1.0" encoding="UTF-8"?>
<!-- Generated by org.testng.reporters.JUnitReportReporter -->
<testsuite hostname="WELCOME-PC" failures="0" tests="3" name="testNG.OrderOfExecution" time="0.044" errors="0" timestamp="2023-01-21T19:51:02 IST" skipped="0">
  <testcase classname="testNG.OrderOfExecution" name="PressPowerButton" time="0.033"/>
  <system-out/>
  <testcase classname="testNG.OrderOfExecution" name="StartChrome" time="0.008"/>
  <system-out/>
  <testcase classname="testNG.OrderOfExecution" name="Search" time="0.003"/>
  <system-out/>
</testsuite> <!-- testNG.OrderOfExecution -->
